select * from member;

M_UID           M_PWD           M_NAME               M_SSN          M_EMAIL                         
--------------- --------------- -------------------- -------------- ------------------------------  
M_PHONE       M_REGDATE          M_VISIT M_LASTVISIT      M_JOB                M_ZIP                
------------- ---------------- --------- ---------------- -------------------- -------              
M_ADDRESS                                                                                           
--------------------                                                                                
mskim           12345           김명석               820101-1234765 c101@cyber.ac.kr                
01-932-9999   05/07/29                 1                                                            
                                                                                                    
                                                                                                    
smpark          1234            박수미               820521-2634761 c102@cyber.ac.kr                
053-777-1255  05/07/29                 1                                                            
                                                                                                    
                                                                                                    
ysjung          1234            정연숙               820303-2234123 c103@cyber.ac.kr                
041-343-8838  05/07/29                 0                                                            
                                                                                                    
                                                                                                    
syhwang         1234            황석영               830715-1256767 c104@cyber.ac.kr                
02-123-5432   05/07/29                 0                                                            
                                                                                                    
                                                                                                    
jmkim           1234            김정민               821113-2934763 a101@cyber.ac.kr                

M_UID           M_PWD           M_NAME               M_SSN          M_EMAIL                         
--------------- --------------- -------------------- -------------- ------------------------------  
M_PHONE       M_REGDATE          M_VISIT M_LASTVISIT      M_JOB                M_ZIP                
------------- ---------------- --------- ---------------- -------------------- -------              
M_ADDRESS                                                                                           
--------------------                                                                                
032-212-8348  05/07/29                 0                                                            
                                                                                                    
                                                                                                    
srlee           1234            이소라               821001-2534764 c102@cyber.ac.kr                
051-665-8742  05/07/29                 0                                                            
                                                                                                    
                                                                                                    
yspark          1234            박연수               810604-1298765 a103@cyber.ac.kr                
031-337-3777  05/07/29                 4                                                            
                                                                                                    
                                                                                                    
ymna            1234            나영민               780925-1278762 i101@cyber.ac.kr                
053-487-9852  05/07/29                 0                                                            
                                                                                                    
                                                                                                    
hjpark          1234            박향진               820221-2323765                                 
061-855-9874  05/07/29                 0                                                            

M_UID           M_PWD           M_NAME               M_SSN          M_EMAIL                         
--------------- --------------- -------------------- -------------- ------------------------------  
M_PHONE       M_REGDATE          M_VISIT M_LASTVISIT      M_JOB                M_ZIP                
------------- ---------------- --------- ---------------- -------------------- -------              
M_ADDRESS                                                                                           
--------------------                                                                                
                                                                                                    
                                                                                                    
jhcho           I234            조진행               820403-1555765 i103@cyber.ac.kr                
042-661-1125  05/07/29                 0                                                            
                                                                                                    
                                                                                                    
mkyun           7777            윤미경               821106-2666766 i104@cyber.ac.kr                
051-812-7412  05/07/29                 0                                                            
                                                                                                    
                                                                                                    
jhko            2222            고정해               810923-2123123 null                            
031-777-8888  05/07/29                 1                                                            
                                                                                                    
                                                                                                    
theom           1234            엄태홍               821212-1976763 b101@cyber.ac.kr                
052-881-9090  05/07/29                 0                                                            
                                                                                                    

M_UID           M_PWD           M_NAME               M_SSN          M_EMAIL                         
--------------- --------------- -------------------- -------------- ------------------------------  
M_PHONE       M_REGDATE          M_VISIT M_LASTVISIT      M_JOB                M_ZIP                
------------- ---------------- --------- ---------------- -------------------- -------              
M_ADDRESS                                                                                           
--------------------                                                                                
                                                                                                    
hucho           1234            조행운               830422-1556661 b102@cyber.ac.kr                
02-111-8762   05/07/29                 1                                                            
                                                                                                    
                                                                                                    
tujeon          1234            전태우               810527-2321333 i001@cyber.ac.kr                
null          05/07/29                 1                                                            
                                                                                                    
                                                                                                    
lcs1027         lcs10           이철수               831027-1772222 lcs1010@hanmail.net             
053-555-5555  06/04/19                 0 06/04/19                                                   
                                                                                                    
                                                                                                    

16 rows selected.

SQL> spool off
